<?xml version="1.0" encoding="UTF-8"?>
<testsuite xmlns:xsi="http://www.w3.org/2001/XMLSchema-instance" xsi:schemaLocation="https://maven.apache.org/surefire/maven-surefire-plugin/xsd/surefire-test-report.xsd" name="br.ufes.projetos01.FuncionarioBonusTest" time="1.066" tests="26" errors="0" skipped="0" failures="0">
  <properties>
[...]
</properties>
  <testcase name="CT001" classname="br.ufes.projetos01.FuncionarioBonusTest" time="0.063"/>
  <testcase name="CT002" classname="br.ufes.projetos01.FuncionarioBonusTest" time="0.004"/>
  <testcase name="CT003" classname="br.ufes.projetos01.FuncionarioBonusTest" time="0.014"/>
  <testcase name="CT004" classname="br.ufes.projetos01.FuncionarioBonusTest" time="0.141"/>
  <testcase name="CT005" classname="br.ufes.projetos01.FuncionarioBonusTest" time="0.01"/>
  <testcase name="CT006" classname="br.ufes.projetos01.FuncionarioBonusTest" time="0.002"/>
  <testcase name="CT007" classname="br.ufes.projetos01.FuncionarioBonusTest" time="0.002"/>
  <testcase name="CT008" classname="br.ufes.projetos01.FuncionarioBonusTest" time="0.003"/>
  <testcase name="CT009" classname="br.ufes.projetos01.FuncionarioBonusTest" time="0.001"/>
  <testcase name="CT010" classname="br.ufes.projetos01.FuncionarioBonusTest" time="0"/>
  <testcase name="CT011" classname="br.ufes.projetos01.FuncionarioBonusTest" time="0.001"/>
  <testcase name="CT012" classname="br.ufes.projetos01.FuncionarioBonusTest" time="0"/>
  <testcase name="CT013" classname="br.ufes.projetos01.FuncionarioBonusTest" time="0"/>
  <testcase name="CT014" classname="br.ufes.projetos01.FuncionarioBonusTest" time="0.002"/>
  <testcase name="CT015" classname="br.ufes.projetos01.FuncionarioBonusTest" time="0.001"/>
  <testcase name="CT016" classname="br.ufes.projetos01.FuncionarioBonusTest" time="0.002"/>
  <testcase name="CT017" classname="br.ufes.projetos01.FuncionarioBonusTest" time="0"/>
  <testcase name="CT018" classname="br.ufes.projetos01.FuncionarioBonusTest" time="0.001"/>
  <testcase name="CT019" classname="br.ufes.projetos01.FuncionarioBonusTest" time="0.003"/>
  <testcase name="CT020" classname="br.ufes.projetos01.FuncionarioBonusTest" time="0.001"/>
  <testcase name="CT021" classname="br.ufes.projetos01.FuncionarioBonusTest" time="0.001"/>
  <testcase name="CT022" classname="br.ufes.projetos01.FuncionarioBonusTest" time="0"/>
  <testcase name="CT023" classname="br.ufes.projetos01.FuncionarioBonusTest" time="0.004"/>
  <testcase name="CT024" classname="br.ufes.projetos01.FuncionarioBonusTest" time="0.001"/>
  <testcase name="CT025" classname="br.ufes.projetos01.FuncionarioBonusTest" time="0.001"/>
  <testcase name="CT026" classname="br.ufes.projetos01.FuncionarioBonusTest" time="0.002"/>
</testsuite>